/*C4*/SET SCHEMA PUBLIC
DISCONNECT
/*C6*/SET SCHEMA PUBLIC
DISCONNECT
/*C7*/SET SCHEMA PUBLIC
CREATE TABLE IF NOT EXISTS temp_sections (student_number INT, semester VARCHAR(25), section_id VARCHAR(25),)
INSERT INTO TEMP_SECTIONS VALUES(1,'Y2015_1ST','MHX123')
COMMIT
INSERT INTO SEMESTER_ENLISTMENT_SECTIONS VALUES(1,'Y2015_1ST','MHX123')
COMMIT
DELETE FROM TEMP_SECTIONS WHERE STUDENT_NUMBER=1 AND SEMESTER='Y2015_1ST' AND SECTION_ID='MHX123'
COMMIT
DROP TABLE temp_sections
DISCONNECT
/*C9*/SET SCHEMA PUBLIC
DISCONNECT
/*C11*/SET SCHEMA PUBLIC
DISCONNECT
/*C12*/SET SCHEMA PUBLIC
CREATE TABLE IF NOT EXISTS temp_sections (student_number INT, semester VARCHAR(25), section_id VARCHAR(25),)
INSERT INTO TEMP_SECTIONS VALUES(1,'Y2015_1ST','MHX123')
COMMIT
INSERT INTO TEMP_SECTIONS VALUES(1,'Y2015_1ST','AR10')
COMMIT
INSERT INTO SEMESTER_ENLISTMENT_SECTIONS VALUES(1,'Y2015_1ST','AR10')
COMMIT
DELETE FROM TEMP_SECTIONS WHERE STUDENT_NUMBER=1 AND SEMESTER='Y2015_1ST' AND SECTION_ID='MHX123'
DELETE FROM TEMP_SECTIONS WHERE STUDENT_NUMBER=1 AND SEMESTER='Y2015_1ST' AND SECTION_ID='AR10'
COMMIT
DROP TABLE temp_sections
DISCONNECT
/*C14*/SET SCHEMA PUBLIC
DISCONNECT
/*C16*/SET SCHEMA PUBLIC
DISCONNECT
/*C18*/SET SCHEMA PUBLIC
DISCONNECT
/*C19*/SET SCHEMA PUBLIC
DISCONNECT
/*C20*/SET SCHEMA PUBLIC
DISCONNECT
/*C21*/SET SCHEMA PUBLIC
DISCONNECT
/*C23*/SET SCHEMA PUBLIC
INSERT INTO SECTIONS VALUES('ABC123','MTH H0830','PHYSICS71','AVR1')
COMMIT
DISCONNECT
/*C24*/SET SCHEMA PUBLIC
DISCONNECT
/*C25*/SET SCHEMA PUBLIC
DISCONNECT
/*C26*/SET SCHEMA PUBLIC
DISCONNECT
